<?xml version="1.0" encoding="UTF-8"?>
<!-- Generated by org.testng.reporters.JUnitReportReporter -->
<testsuite hostname="Santoshi" failures="0" tests="2" name="com.test.test_2" time="30.232" errors="0" timestamp="2022-08-23T13:13:11 IST" skipped="0">
  <testcase classname="com.test.test_2" name="test" time="15.670"/>
  <system-out/>
  <testcase classname="com.test.test_2" name="test" time="14.562"/>
  <system-out/>
</testsuite> <!-- com.test.test_2 -->
